11/20/2014 1:59:03 PM : Detecting Quality Center 10.0
11/20/2014 1:59:03 PM : Detecting ALM 
11/20/2014 1:59:03 PM : Found ALM 11.52 - C:\Users\9lit\AppData\Local\HP\ALM-Client\shdcvsswa0051
11/20/2014 1:59:03 PM : Detecting Registered Installation
11/20/2014 1:59:03 PM : Registered path according to registry: 
11/20/2014 1:59:03 PM : Registered Installation not found
11/20/2014 1:59:03 PM : Detection finished
11/20/2014 1:59:10 PM : Uninstall started
11/20/2014 1:59:10 PM : Uninstalling ALM 11.52
11/20/2014 1:59:10 PM : Removing Folder C:\Users\9lit\AppData\Local\HP\ALM-Client\shdcvsswa0051
11/20/2014 1:59:10 PM : Deleting folder C:\Users\9lit\AppData\Local\HP\ALM-Client\shdcvsswa0051
11/20/2014 1:59:11 PM : Removing Ini Section shdcvsswa0051.apac.wdpr.disney.com/qcbin from file C:\Users\9lit\AppData\Local\HP\ALM-Client\Deployments.ini
11/20/2014 1:59:11 PM : Cleanup started
11/20/2014 1:59:11 PM : Found Loader 11.52 - C:\Users\9lit\AppData\Local\HP\ALM-Platform Loader 11.5x\ALM-Platform-Loader.11.5x.ocx
11/20/2014 1:59:11 PM : Found Loader MSI 11.50
11/20/2014 1:59:11 PM : Uninstalling Loader 11.52
11/20/2014 1:59:11 PM : Removing ALM Platform Loader 11.52
11/20/2014 1:59:11 PM : Removing loader leftovers from registry
11/20/2014 1:59:11 PM : Uninstalling Loader 11.50
11/20/2014 1:59:11 PM : Removing ALM-Platform Loader 11.5x
11/20/2014 1:59:12 PM : Removing current user registry keys
11/20/2014 1:59:12 PM : Searching: HKEY_CURRENT_USER\Software\Classes\VirtualStore\MACHINE\SOFTWARE\Mercury Interactive\TestDirector
11/20/2014 1:59:12 PM : Searching: HKEY_CURRENT_USER\Software\Classes\VirtualStore\MACHINE\SOFTWARE\Wow6432Node\Mercury Interactive\TestDirector
11/20/2014 1:59:12 PM : Searching: HKEY_CURRENT_USER\Software\Mercury Interactive\TestDirector
11/20/2014 1:59:12 PM : Deleting HKEY_CURRENT_USER\Software\Mercury Interactive\TestDirector
11/20/2014 1:59:12 PM : Sub key name: TestDirector
11/20/2014 1:59:12 PM : Removing virtual local machine keys
11/20/2014 1:59:12 PM : Searching: .DEFAULT\Software\Classes\VirtualStore\MACHINE\SOFTWARE\Mercury Interactive\TestDirector
11/20/2014 1:59:12 PM : Searching: .DEFAULT\Software\Classes\VirtualStore\MACHINE\SOFTWARE\Wow6432Node\Mercury Interactive\TestDirector
11/20/2014 1:59:12 PM : Searching: .DEFAULT\Software\Mercury Interactive\TestDirector
11/20/2014 1:59:12 PM : Searching: S-1-5-19\Software\Classes\VirtualStore\MACHINE\SOFTWARE\Mercury Interactive\TestDirector
11/20/2014 1:59:12 PM : Searching: S-1-5-19\Software\Classes\VirtualStore\MACHINE\SOFTWARE\Wow6432Node\Mercury Interactive\TestDirector
11/20/2014 1:59:12 PM : Searching: S-1-5-19\Software\Mercury Interactive\TestDirector
11/20/2014 1:59:12 PM : Searching: S-1-5-20\Software\Classes\VirtualStore\MACHINE\SOFTWARE\Mercury Interactive\TestDirector
11/20/2014 1:59:12 PM : Searching: S-1-5-20\Software\Classes\VirtualStore\MACHINE\SOFTWARE\Wow6432Node\Mercury Interactive\TestDirector
11/20/2014 1:59:12 PM : Searching: S-1-5-20\Software\Mercury Interactive\TestDirector
11/20/2014 1:59:12 PM : Searching: S-1-5-21-1645522239-963894560-725345543-159364\Software\Classes\VirtualStore\MACHINE\SOFTWARE\Mercury Interactive\TestDirector
11/20/2014 1:59:12 PM : Searching: S-1-5-21-1645522239-963894560-725345543-159364\Software\Classes\VirtualStore\MACHINE\SOFTWARE\Wow6432Node\Mercury Interactive\TestDirector
11/20/2014 1:59:12 PM : Searching: S-1-5-21-1645522239-963894560-725345543-159364\Software\Mercury Interactive\TestDirector
11/20/2014 1:59:12 PM : Searching: S-1-5-21-1645522239-963894560-725345543-159364_Classes\Software\Classes\VirtualStore\MACHINE\SOFTWARE\Mercury Interactive\TestDirector
11/20/2014 1:59:12 PM : Searching: S-1-5-21-1645522239-963894560-725345543-159364_Classes\Software\Classes\VirtualStore\MACHINE\SOFTWARE\Wow6432Node\Mercury Interactive\TestDirector
11/20/2014 1:59:12 PM : Searching: S-1-5-21-1645522239-963894560-725345543-159364_Classes\Software\Mercury Interactive\TestDirector
11/20/2014 1:59:12 PM : Searching: S-1-5-18\Software\Classes\VirtualStore\MACHINE\SOFTWARE\Mercury Interactive\TestDirector
11/20/2014 1:59:12 PM : Searching: S-1-5-18\Software\Classes\VirtualStore\MACHINE\SOFTWARE\Wow6432Node\Mercury Interactive\TestDirector
11/20/2014 1:59:12 PM : Searching: S-1-5-18\Software\Mercury Interactive\TestDirector
11/20/2014 1:59:12 PM : Removing Loader Class
11/20/2014 1:59:12 PM : Removing Internet Explorer Loader addon
11/20/2014 1:59:12 PM : Could not find loader class files.
11/20/2014 1:59:12 PM : Done cleaning
11/20/2014 1:59:12 PM : Deleting folder C:\Users\9lit\AppData\Local\HP\ALM-Client
11/20/2014 1:59:12 PM : Deleting folder C:\Users\9lit\AppData\Local\Temp\TD_80
11/20/2014 1:59:12 PM : Deleting folder C:\Users\9lit\AppData\LocalLow\Mercury Interactive\Quality Center
11/20/2014 1:59:12 PM : Cleanup finished
11/20/2014 1:59:12 PM : Uninstall finished
11/20/2014 1:59:19 PM : Detecting Quality Center 10.0
11/20/2014 1:59:19 PM : Detecting ALM 
11/20/2014 1:59:19 PM : Detecting Registered Installation
11/20/2014 1:59:19 PM : Registered path according to registry: 
11/20/2014 1:59:19 PM : Registered Installation not found
11/20/2014 1:59:19 PM : Detection finished
