11/20/2014 1:49:19 PM : Detecting Quality Center 10.0
11/20/2014 1:49:19 PM : Detecting ALM 
11/20/2014 1:49:19 PM : Found ALM 11.0 - C:\Users\9lit\AppData\Local\HP\ALM-Client\shdr-alm
11/20/2014 1:49:19 PM : Detecting Registered Installation
11/20/2014 1:49:19 PM : Registered path according to registry: 
11/20/2014 1:49:19 PM : Registered Installation not found
11/20/2014 1:49:19 PM : Detection finished
11/20/2014 1:49:43 PM : Stopped iexplore (1876)
11/20/2014 1:49:43 PM : Stopped iexplore (4868)
11/20/2014 1:49:43 PM : Uninstall started
11/20/2014 1:49:43 PM : Uninstalling ALM 11.0
11/20/2014 1:49:43 PM : Removing Folder C:\Users\9lit\AppData\Local\HP\ALM-Client\shdr-alm
11/20/2014 1:49:43 PM : Deleting folder C:\Users\9lit\AppData\Local\HP\ALM-Client\shdr-alm
11/20/2014 1:49:44 PM : Removing Ini Section shdr-alm/qcbin from file C:\Users\9lit\AppData\Local\HP\ALM-Client\Deployments.ini
11/20/2014 1:49:44 PM : Cleanup started
11/20/2014 1:49:44 PM : Found Loader 11.0 - C:\Windows\Downloaded Program Files\ALM-Platform-Loader.11.ocx
11/20/2014 1:49:44 PM : Found Loader 11.52 - C:\Windows\Downloaded Program Files\ALM-Platform-Loader.11.5x.ocx
11/20/2014 1:49:44 PM : Uninstalling Loader 11.0
11/20/2014 1:49:44 PM : Removing ALM Platform Loader 11.0
11/20/2014 1:49:44 PM : Removing loader leftovers from registry
11/20/2014 1:49:44 PM : Uninstalling Loader 11.52
11/20/2014 1:49:44 PM : Removing ALM Platform Loader 11.52
11/20/2014 1:49:44 PM : Removing loader leftovers from registry
11/20/2014 1:49:44 PM : Removing current user registry keys
11/20/2014 1:49:44 PM : Searching: HKEY_CURRENT_USER\Software\Classes\VirtualStore\MACHINE\SOFTWARE\Mercury Interactive\TestDirector
11/20/2014 1:49:44 PM : Searching: HKEY_CURRENT_USER\Software\Classes\VirtualStore\MACHINE\SOFTWARE\Wow6432Node\Mercury Interactive\TestDirector
11/20/2014 1:49:44 PM : Searching: HKEY_CURRENT_USER\Software\Mercury Interactive\TestDirector
11/20/2014 1:49:44 PM : Deleting HKEY_CURRENT_USER\Software\Mercury Interactive\TestDirector
11/20/2014 1:49:44 PM : Sub key name: TestDirector
11/20/2014 1:49:44 PM : Removing virtual local machine keys
11/20/2014 1:49:44 PM : Searching: .DEFAULT\Software\Classes\VirtualStore\MACHINE\SOFTWARE\Mercury Interactive\TestDirector
11/20/2014 1:49:44 PM : Searching: .DEFAULT\Software\Classes\VirtualStore\MACHINE\SOFTWARE\Wow6432Node\Mercury Interactive\TestDirector
11/20/2014 1:49:44 PM : Searching: .DEFAULT\Software\Mercury Interactive\TestDirector
11/20/2014 1:49:44 PM : Searching: S-1-5-19\Software\Classes\VirtualStore\MACHINE\SOFTWARE\Mercury Interactive\TestDirector
11/20/2014 1:49:44 PM : Searching: S-1-5-19\Software\Classes\VirtualStore\MACHINE\SOFTWARE\Wow6432Node\Mercury Interactive\TestDirector
11/20/2014 1:49:44 PM : Searching: S-1-5-19\Software\Mercury Interactive\TestDirector
11/20/2014 1:49:44 PM : Searching: S-1-5-20\Software\Classes\VirtualStore\MACHINE\SOFTWARE\Mercury Interactive\TestDirector
11/20/2014 1:49:44 PM : Searching: S-1-5-20\Software\Classes\VirtualStore\MACHINE\SOFTWARE\Wow6432Node\Mercury Interactive\TestDirector
11/20/2014 1:49:44 PM : Searching: S-1-5-20\Software\Mercury Interactive\TestDirector
11/20/2014 1:49:44 PM : Searching: S-1-5-21-1645522239-963894560-725345543-159364\Software\Classes\VirtualStore\MACHINE\SOFTWARE\Mercury Interactive\TestDirector
11/20/2014 1:49:44 PM : Searching: S-1-5-21-1645522239-963894560-725345543-159364\Software\Classes\VirtualStore\MACHINE\SOFTWARE\Wow6432Node\Mercury Interactive\TestDirector
11/20/2014 1:49:45 PM : Searching: S-1-5-21-1645522239-963894560-725345543-159364\Software\Mercury Interactive\TestDirector
11/20/2014 1:49:45 PM : Searching: S-1-5-21-1645522239-963894560-725345543-159364_Classes\Software\Classes\VirtualStore\MACHINE\SOFTWARE\Mercury Interactive\TestDirector
11/20/2014 1:49:45 PM : Searching: S-1-5-21-1645522239-963894560-725345543-159364_Classes\Software\Classes\VirtualStore\MACHINE\SOFTWARE\Wow6432Node\Mercury Interactive\TestDirector
11/20/2014 1:49:45 PM : Searching: S-1-5-21-1645522239-963894560-725345543-159364_Classes\Software\Mercury Interactive\TestDirector
11/20/2014 1:49:45 PM : Searching: S-1-5-18\Software\Classes\VirtualStore\MACHINE\SOFTWARE\Mercury Interactive\TestDirector
11/20/2014 1:49:45 PM : Searching: S-1-5-18\Software\Classes\VirtualStore\MACHINE\SOFTWARE\Wow6432Node\Mercury Interactive\TestDirector
11/20/2014 1:49:45 PM : Searching: S-1-5-18\Software\Mercury Interactive\TestDirector
11/20/2014 1:49:45 PM : Removing Loader Class
11/20/2014 1:49:45 PM : Removing Internet Explorer Loader addon
11/20/2014 1:49:45 PM : Could not find loader class files.
11/20/2014 1:49:45 PM : Done cleaning
11/20/2014 1:49:45 PM : Deleting folder C:\Users\9lit\AppData\Local\HP\ALM-Client
11/20/2014 1:49:45 PM : Deleting folder C:\Users\9lit\AppData\LocalLow\Mercury Interactive\Quality Center
11/20/2014 1:49:45 PM : Cleanup finished
11/20/2014 1:49:45 PM : Uninstall finished
11/20/2014 1:49:46 PM : Detecting Quality Center 10.0
11/20/2014 1:49:46 PM : Detecting ALM 
11/20/2014 1:49:46 PM : Detecting Registered Installation
11/20/2014 1:49:46 PM : Registered path according to registry: 
11/20/2014 1:49:46 PM : Registered Installation not found
11/20/2014 1:49:46 PM : Detection finished
