10/24/2014 5:22:18 PM : Detecting Quality Center 10.0
10/24/2014 5:22:18 PM : Detecting ALM 
10/24/2014 5:22:19 PM : Found ALM 11.0 - C:\ProgramData\HP\ALM-Client\shdcvsswa0051
10/24/2014 5:22:19 PM : Found ALM 11.0 - C:\Users\9lit\AppData\Local\HP\ALM-Client\shdcvsswa0051
10/24/2014 5:22:19 PM : Detecting Registered Installation
10/24/2014 5:22:19 PM : Registered path according to registry: C:\ProgramData\HP\ALM-Client\shdcvsswa0051\OTAClient.dll
10/24/2014 5:22:20 PM : Found Registered installation Version: 11.0
10/24/2014 5:22:20 PM : Detection finished
10/24/2014 5:22:31 PM : Uninstall started
10/24/2014 5:22:31 PM : Uninstalling ALM 11.0
10/24/2014 5:22:31 PM : Unregistering C:\ProgramData\HP\ALM-Client\shdcvsswa0051\ExtensibilityAPI.dll
10/24/2014 5:22:32 PM : Unregistering C:\ProgramData\HP\ALM-Client\shdcvsswa0051\OTAClient.dll
10/24/2014 5:22:32 PM : Unregistering C:\ProgramData\HP\ALM-Client\shdcvsswa0051\QCClient.PerformanceMonitor.dll
10/24/2014 5:22:32 PM : RegAsm.exe was found in: C:\Windows\Microsoft.NET\Framework\v4.0.30319\RegAsm.exe
10/24/2014 5:22:33 PM : Unregistering C:\ProgramData\HP\ALM-Client\shdcvsswa0051\WebClient.dll
10/24/2014 5:22:33 PM : Unregistering C:\ProgramData\HP\ALM-Client\shdcvsswa0051\QCClientUI.ocx
10/24/2014 5:22:35 PM : Unregistering C:\ProgramData\HP\ALM-Client\shdcvsswa0051\wexectrl.exe
10/24/2014 5:22:40 PM : Failed to unregister C:\ProgramData\HP\ALM-Client\shdcvsswa0051\wexectrl.exe, error: System.Exception: 'C:\ProgramData\HP\ALM-Client\shdcvsswa0051\wexectrl.exe' is not a COM server.
   at ALMUninstaller.Handlers.COMRegistrationHandler.UnregisterExeServer(String path)
   at ALMUninstaller.Handlers.COMRegistrationHandler.UnregisterNative(String filePath)
   at ALMUninstaller.Handlers.COMRegistrationHandler.Unregister(RegisteredFile file)
   at ALMUninstaller.UnInstallers.UnInstaller.UnregisterCommonInstallation(SetupIniFile iniFile)
10/24/2014 5:22:40 PM : Unregistering C:\ProgramData\HP\ALM-Client\shdcvsswa0051\XGO.ocx
10/24/2014 5:22:40 PM : Unregistering C:\ProgramData\HP\ALM-Client\shdcvsswa0051\OTAXml.dll
10/24/2014 5:22:41 PM : Unregistering C:\ProgramData\HP\ALM-Client\shdcvsswa0051\OtaReport.dll
10/24/2014 5:22:41 PM : Unregistering C:\ProgramData\HP\ALM-Client\shdcvsswa0051\MercResourceLogger.dll
10/24/2014 5:22:42 PM : Unregistering C:\ProgramData\HP\ALM-Client\shdcvsswa0051\SRunner.ocx
10/24/2014 5:22:42 PM : Unregistering C:\ProgramData\HP\ALM-Client\shdcvsswa0051\bp_exec_agent.exe
10/24/2014 5:22:50 PM : Unregistering C:\ProgramData\HP\ALM-Client\shdcvsswa0051\BPTReportSetup.dll
10/24/2014 5:22:50 PM : Unregistering C:\ProgramData\HP\ALM-Client\shdcvsswa0051\sr_exec_agnt.exe
10/24/2014 5:22:54 PM : Unregistering C:\ProgramData\HP\ALM-Client\shdcvsswa0051\VugenTestType.dll
10/24/2014 5:22:55 PM : Unregistering C:\ProgramData\HP\ALM-Client\shdcvsswa0051\BuiltInPlugin.dll
10/24/2014 5:22:55 PM : Unregistering C:\ProgramData\HP\ALM-Client\shdcvsswa0051\ManualRunnerRA.exe
10/24/2014 5:22:55 PM : Unregistering C:\ProgramData\HP\ALM-Client\shdcvsswa0051\ReportViewerForTD.dll
10/24/2014 5:22:55 PM : Unregistering C:\ProgramData\HP\ALM-Client\shdcvsswa0051\QCClient.UI.Components.BPT.TPC.dll
10/24/2014 5:22:56 PM : Unregistering C:\ProgramData\HP\ALM-Client\shdcvsswa0051\QTGrid.dll
10/24/2014 5:22:56 PM : Unregistering C:\ProgramData\HP\ALM-Client\shdcvsswa0051\ArgsEditor.dll
10/24/2014 5:22:56 PM : Unregistering C:\ProgramData\HP\ALM-Client\shdcvsswa0051\Plugin.tlb
10/24/2014 5:22:56 PM : Unregistering C:\ProgramData\HP\ALM-Client\shdcvsswa0051\Arguments.dll
10/24/2014 5:22:56 PM : Unregistering C:\ProgramData\HP\ALM-Client\shdcvsswa0051\ConfigViewerForTD.dll
10/24/2014 5:22:56 PM : Unregistering C:\ProgramData\HP\ALM-Client\shdcvsswa0051\WITestType.dll
10/24/2014 5:22:56 PM : Unregistering C:\ProgramData\HP\ALM-Client\shdcvsswa0051\ExGrid.dll
10/24/2014 5:22:57 PM : Unregistering C:\ProgramData\HP\ALM-Client\shdcvsswa0051\PerformanceWinHooks.dll
10/24/2014 5:22:57 PM : Unregistering C:\ProgramData\HP\ALM-Client\shdcvsswa0051\CompStrgHelper.dll
10/24/2014 5:22:57 PM : Unregistering C:\ProgramData\HP\ALM-Client\shdcvsswa0051\ALM-Client.exe
10/24/2014 5:22:58 PM : Unregistering C:\ProgramData\HP\ALM-Client\shdcvsswa0051\BuiltInScriptView.dll
10/24/2014 5:22:58 PM : Unregistering C:\ProgramData\HP\ALM-Client\shdcvsswa0051\QAIAd.dll
10/24/2014 5:22:59 PM : Unregistering C:\ProgramData\HP\ALM-Client\shdcvsswa0051\ServiceTestType.dll
10/24/2014 5:22:59 PM : Unregistering C:\ProgramData\HP\ALM-Client\shdcvsswa0051\OTAClient.LegacyUtilities.dll
10/24/2014 5:22:59 PM : Unregistering C:\ProgramData\HP\ALM-Client\shdcvsswa0051\SOAClient.dll
10/24/2014 5:23:00 PM : Unregistering C:\ProgramData\HP\ALM-Client\shdcvsswa0051\WSParser.dll
10/24/2014 5:23:00 PM : Removing Folder C:\ProgramData\HP\ALM-Client\shdcvsswa0051
10/24/2014 5:23:00 PM : Deleting folder C:\ProgramData\HP\ALM-Client\shdcvsswa0051
10/24/2014 5:23:01 PM : Removing Ini Section shdcvsswa0051.apac.wdpr.disney.com/qcbin from file C:\ProgramData\HP\ALM-Client\Deployments.ini
10/24/2014 5:23:01 PM : Uninstalling ALM 11.0
10/24/2014 5:23:01 PM : Removing Folder C:\Users\9lit\AppData\Local\HP\ALM-Client\shdcvsswa0051
10/24/2014 5:23:01 PM : Deleting folder C:\Users\9lit\AppData\Local\HP\ALM-Client\shdcvsswa0051
10/24/2014 5:23:02 PM : Removing Ini Section shdcvsswa0051.apac.wdpr.disney.com/qcbin from file C:\Users\9lit\AppData\Local\HP\ALM-Client\Deployments.ini
10/24/2014 5:23:02 PM : Cleanup started
10/24/2014 5:23:03 PM : Found Loader 11.0 - C:\Windows\Downloaded Program Files\ALM-Platform-Loader.11.ocx
10/24/2014 5:23:03 PM : Uninstalling Loader 11.0
10/24/2014 5:23:03 PM : Removing ALM Platform Loader 11.0
10/24/2014 5:23:04 PM : Removing loader leftovers from registry
10/24/2014 5:23:04 PM : Removing current user registry keys
10/24/2014 5:23:04 PM : Searching: HKEY_CURRENT_USER\Software\Classes\VirtualStore\MACHINE\SOFTWARE\Mercury Interactive\TestDirector
10/24/2014 5:23:04 PM : Searching: HKEY_CURRENT_USER\Software\Classes\VirtualStore\MACHINE\SOFTWARE\Wow6432Node\Mercury Interactive\TestDirector
10/24/2014 5:23:04 PM : Searching: HKEY_CURRENT_USER\Software\Mercury Interactive\TestDirector
10/24/2014 5:23:04 PM : Deleting HKEY_CURRENT_USER\Software\Mercury Interactive\TestDirector
10/24/2014 5:23:04 PM : Sub key name: TestDirector
10/24/2014 5:23:04 PM : Removing virtual local machine keys
10/24/2014 5:23:04 PM : Searching: .DEFAULT\Software\Classes\VirtualStore\MACHINE\SOFTWARE\Mercury Interactive\TestDirector
10/24/2014 5:23:04 PM : Searching: .DEFAULT\Software\Classes\VirtualStore\MACHINE\SOFTWARE\Wow6432Node\Mercury Interactive\TestDirector
10/24/2014 5:23:04 PM : Searching: .DEFAULT\Software\Mercury Interactive\TestDirector
10/24/2014 5:23:04 PM : Searching: S-1-5-19\Software\Classes\VirtualStore\MACHINE\SOFTWARE\Mercury Interactive\TestDirector
10/24/2014 5:23:04 PM : Searching: S-1-5-19\Software\Classes\VirtualStore\MACHINE\SOFTWARE\Wow6432Node\Mercury Interactive\TestDirector
10/24/2014 5:23:04 PM : Searching: S-1-5-19\Software\Mercury Interactive\TestDirector
10/24/2014 5:23:04 PM : Searching: S-1-5-20\Software\Classes\VirtualStore\MACHINE\SOFTWARE\Mercury Interactive\TestDirector
10/24/2014 5:23:04 PM : Searching: S-1-5-20\Software\Classes\VirtualStore\MACHINE\SOFTWARE\Wow6432Node\Mercury Interactive\TestDirector
10/24/2014 5:23:04 PM : Searching: S-1-5-20\Software\Mercury Interactive\TestDirector
10/24/2014 5:23:04 PM : Searching: S-1-5-21-1645522239-963894560-725345543-159364\Software\Classes\VirtualStore\MACHINE\SOFTWARE\Mercury Interactive\TestDirector
10/24/2014 5:23:04 PM : Searching: S-1-5-21-1645522239-963894560-725345543-159364\Software\Classes\VirtualStore\MACHINE\SOFTWARE\Wow6432Node\Mercury Interactive\TestDirector
10/24/2014 5:23:04 PM : Searching: S-1-5-21-1645522239-963894560-725345543-159364\Software\Mercury Interactive\TestDirector
10/24/2014 5:23:04 PM : Searching: S-1-5-21-1645522239-963894560-725345543-159364_Classes\Software\Classes\VirtualStore\MACHINE\SOFTWARE\Mercury Interactive\TestDirector
10/24/2014 5:23:04 PM : Searching: S-1-5-21-1645522239-963894560-725345543-159364_Classes\Software\Classes\VirtualStore\MACHINE\SOFTWARE\Wow6432Node\Mercury Interactive\TestDirector
10/24/2014 5:23:04 PM : Searching: S-1-5-21-1645522239-963894560-725345543-159364_Classes\Software\Mercury Interactive\TestDirector
10/24/2014 5:23:04 PM : Searching: S-1-5-18\Software\Classes\VirtualStore\MACHINE\SOFTWARE\Mercury Interactive\TestDirector
10/24/2014 5:23:04 PM : Searching: S-1-5-18\Software\Classes\VirtualStore\MACHINE\SOFTWARE\Wow6432Node\Mercury Interactive\TestDirector
10/24/2014 5:23:04 PM : Searching: S-1-5-18\Software\Mercury Interactive\TestDirector
10/24/2014 5:23:04 PM : Removing Loader Class
10/24/2014 5:23:04 PM : Removing Internet Explorer Loader addon
10/24/2014 5:23:04 PM : Could not find loader class files.
10/24/2014 5:23:04 PM : Done cleaning
10/24/2014 5:23:04 PM : Deleting folder C:\ProgramData\HP\ALM-Client
10/24/2014 5:23:04 PM : Deleting folder C:\Users\9lit\AppData\Local\HP\ALM-Client
10/24/2014 5:23:04 PM : Deleting folder C:\Users\9lit\AppData\Local\Temp\TD_80
10/24/2014 5:23:04 PM : Deleting folder C:\Users\9lit\AppData\LocalLow\Mercury Interactive\Quality Center
10/24/2014 5:23:04 PM : Cleanup finished
10/24/2014 5:23:04 PM : Uninstall finished
10/24/2014 5:23:09 PM : Detecting Quality Center 10.0
10/24/2014 5:23:09 PM : Detecting ALM 
10/24/2014 5:23:09 PM : Detecting Registered Installation
10/24/2014 5:23:09 PM : Registered path according to registry: 
10/24/2014 5:23:09 PM : Registered Installation not found
10/24/2014 5:23:09 PM : Detection finished
